

================ Logging started at Tue Jul  2 16:54:21 2024 ================

InitProcessPriv() completed (exit code: 0)
InitThread() completed (exit code: 0)
RegisterAllControls() completed (exit code: 0)
NativeHWNDHost::Create() completed (exit code: 0)
DUIXmlParser::Create() completed (exit code: 0)
pParser->SetXMLFromResource() complete (exit code: 1)
HWNDElement::Create()  complete (exit code: 0)
pParser->CreateElement() completed (exit code: 0)
Initializing pages...



Setting XML parser from resource: 131
Finding Element with ID: page1
Creating PageMain Element inside page1
Finding Element with ID: animator1
Changing page1's visibility
Adding page 1 to page list


Setting XML parser from resource: 132
Finding Element with ID: page2
Creating PageMain Element inside page2
Finding Element with ID: animator2
Changing page2's visibility
Adding page 2 to page list


Setting XML parser from resource: 133
Finding Element with ID: page3
Creating PageMain Element inside page3
Finding Element with ID: animator3
Changing page3's visibility
Adding page 3 to page list


Setting XML parser from resource: 134
Finding Element with ID: page4
Creating PageMain Element inside page4
Finding Element with ID: animator4
Changing page4's visibility
Adding page 4 to page list


Setting XML parser from resource: 135
Finding Element with ID: page5
Creating PageMain Element inside page5
Finding Element with ID: animator5
Changing page5's visibility
Adding page 5 to page list


Setting XML parser from resource: 136
Finding Element with ID: page6
Creating PageMain Element inside page6
Finding Element with ID: animator6
Changing page6's visibility
Adding page 6 to page list


Setting XML parser from resource: 137
Finding Element with ID: page7
Creating PageMain Element inside page7
Finding Element with ID: animator7
Changing page7's visibility
Adding page 7 to page list


InitPages() completed (exit code: 0)
Setting parser object to resource: 130
Dark mode detected
Getting Stylesheet information...
Creating Stylesheet
Applying stylesheet
ChangeSheet() completed (exit code: 0)
InitInstaller() completed (exit code: 0)


================ Logging started at Tue Jul  2 19:10:20 2024 ================

InitProcessPriv() completed (exit code: 0)
InitThread() completed (exit code: 0)
RegisterAllControls() completed (exit code: 0)
NativeHWNDHost::Create() completed (exit code: 0)
DUIXmlParser::Create() completed (exit code: 0)
pParser->SetXMLFromResource() complete (exit code: 1)
HWNDElement::Create()  complete (exit code: 0)
pParser->CreateElement() completed (exit code: 0)
Initializing pages...



Setting XML parser from resource: 131
Finding Element with ID: page1
Creating PageMain Element inside page1
Finding Element with ID: animator1
Changing page1's visibility
Adding page 1 to page list


Setting XML parser from resource: 132
Finding Element with ID: page2
Creating PageMain Element inside page2
Finding Element with ID: animator2
Changing page2's visibility
Adding page 2 to page list


Setting XML parser from resource: 133
Finding Element with ID: page3
Creating PageMain Element inside page3
Finding Element with ID: animator3
Changing page3's visibility
Adding page 3 to page list


Setting XML parser from resource: 134
Finding Element with ID: page4
Creating PageMain Element inside page4
Finding Element with ID: animator4
Changing page4's visibility
Adding page 4 to page list


Setting XML parser from resource: 135
Finding Element with ID: page5
Creating PageMain Element inside page5
Finding Element with ID: animator5
Changing page5's visibility
Adding page 5 to page list


Setting XML parser from resource: 136
Finding Element with ID: page6
Creating PageMain Element inside page6
Finding Element with ID: animator6
Changing page6's visibility
Adding page 6 to page list


Setting XML parser from resource: 137
Finding Element with ID: page7
Creating PageMain Element inside page7
Finding Element with ID: animator7
Changing page7's visibility
Adding page 7 to page list


InitPages() completed (exit code: 0)
Setting parser object to resource: 130
Dark mode detected
Getting Stylesheet information...
Creating Stylesheet
Applying stylesheet
ChangeSheet() completed (exit code: 0)
InitInstaller() completed (exit code: 0)


================ Logging started at Tue Jul  2 23:22:43 2024 ================

InitProcessPriv() completed (exit code: 0)
InitThread() completed (exit code: 0)
RegisterAllControls() completed (exit code: 0)
NativeHWNDHost::Create() completed (exit code: 0)
DUIXmlParser::Create() completed (exit code: 0)
pParser->SetXMLFromResource() complete (exit code: 1)
HWNDElement::Create()  complete (exit code: 0)
pParser->CreateElement() completed (exit code: 0)
Initializing pages...



Setting XML parser from resource: 131
Finding Element with ID: page1
Creating PageMain Element inside page1
Finding Element with ID: animator1
Changing page1's visibility
Adding page 1 to page list


Setting XML parser from resource: 132
Finding Element with ID: page2
Creating PageMain Element inside page2
Finding Element with ID: animator2
Changing page2's visibility
Adding page 2 to page list


Setting XML parser from resource: 133
Finding Element with ID: page3
Creating PageMain Element inside page3
Finding Element with ID: animator3
Changing page3's visibility
Adding page 3 to page list


Setting XML parser from resource: 134
Finding Element with ID: page4
Creating PageMain Element inside page4
Finding Element with ID: animator4
Changing page4's visibility
Adding page 4 to page list


Setting XML parser from resource: 135
Finding Element with ID: page5
Creating PageMain Element inside page5
Finding Element with ID: animator5
Changing page5's visibility
Adding page 5 to page list


Setting XML parser from resource: 136
Finding Element with ID: page6
Creating PageMain Element inside page6
Finding Element with ID: animator6
Changing page6's visibility
Adding page 6 to page list


Setting XML parser from resource: 137
Finding Element with ID: page7
Creating PageMain Element inside page7
Finding Element with ID: animator7
Changing page7's visibility
Adding page 7 to page list


InitPages() completed (exit code: 0)
Setting parser object to resource: 130
Dark mode detected
Getting Stylesheet information...
Creating Stylesheet
Applying stylesheet
ChangeSheet() completed (exit code: 0)
InitInstaller() completed (exit code: 0)


================ Logging started at Tue Jul  2 23:23:02 2024 ================

InitProcessPriv() completed (exit code: 0)
InitThread() completed (exit code: 0)
RegisterAllControls() completed (exit code: 0)
NativeHWNDHost::Create() completed (exit code: 0)
DUIXmlParser::Create() completed (exit code: 0)
pParser->SetXMLFromResource() complete (exit code: 1)
HWNDElement::Create()  complete (exit code: 0)
pParser->CreateElement() completed (exit code: 0)
Initializing pages...



Setting XML parser from resource: 131
Finding Element with ID: page1
Creating PageMain Element inside page1
Finding Element with ID: animator1
Changing page1's visibility
Adding page 1 to page list


Setting XML parser from resource: 132
Finding Element with ID: page2
Creating PageMain Element inside page2
Finding Element with ID: animator2
Changing page2's visibility
Adding page 2 to page list


Setting XML parser from resource: 133
Finding Element with ID: page3
Creating PageMain Element inside page3
Finding Element with ID: animator3
Changing page3's visibility
Adding page 3 to page list


Setting XML parser from resource: 134
Finding Element with ID: page4
Creating PageMain Element inside page4
Finding Element with ID: animator4
Changing page4's visibility
Adding page 4 to page list


Setting XML parser from resource: 135
Finding Element with ID: page5
Creating PageMain Element inside page5
Finding Element with ID: animator5
Changing page5's visibility
Adding page 5 to page list


Setting XML parser from resource: 136
Finding Element with ID: page6
Creating PageMain Element inside page6
Finding Element with ID: animator6
Changing page6's visibility
Adding page 6 to page list


Setting XML parser from resource: 137
Finding Element with ID: page7
Creating PageMain Element inside page7
Finding Element with ID: animator7
Changing page7's visibility
Adding page 7 to page list


InitPages() completed (exit code: 0)
Setting parser object to resource: 130
Dark mode detected
Getting Stylesheet information...
Creating Stylesheet
Applying stylesheet
ChangeSheet() completed (exit code: 0)
InitInstaller() completed (exit code: 0)


================ Logging started at Tue Jul  2 23:27:59 2024 ================

InitProcessPriv() completed (exit code: 0)
InitThread() completed (exit code: 0)
RegisterAllControls() completed (exit code: 0)
NativeHWNDHost::Create() completed (exit code: 0)
DUIXmlParser::Create() completed (exit code: 0)
pParser->SetXMLFromResource() complete (exit code: 1)
HWNDElement::Create()  complete (exit code: 0)
pParser->CreateElement() completed (exit code: 0)
Initializing pages...



Setting XML parser from resource: 131
Finding Element with ID: page1
Creating PageMain Element inside page1
Finding Element with ID: animator1
Changing page1's visibility
Adding page 1 to page list


Setting XML parser from resource: 132
Finding Element with ID: page2
Creating PageMain Element inside page2
Finding Element with ID: animator2
Changing page2's visibility
Adding page 2 to page list


Setting XML parser from resource: 133
Finding Element with ID: page3
Creating PageMain Element inside page3
Finding Element with ID: animator3
Changing page3's visibility
Adding page 3 to page list


Setting XML parser from resource: 134
Finding Element with ID: page4
Creating PageMain Element inside page4
Finding Element with ID: animator4
Changing page4's visibility
Adding page 4 to page list


Setting XML parser from resource: 135
Finding Element with ID: page5
Creating PageMain Element inside page5
Finding Element with ID: animator5
Changing page5's visibility
Adding page 5 to page list


Setting XML parser from resource: 136
Finding Element with ID: page6
Creating PageMain Element inside page6
Finding Element with ID: animator6
Changing page6's visibility
Adding page 6 to page list


Setting XML parser from resource: 137
Finding Element with ID: page7
Creating PageMain Element inside page7
Finding Element with ID: animator7
Changing page7's visibility
Adding page 7 to page list


InitPages() completed (exit code: 0)
Setting parser object to resource: 130
Dark mode detected
Getting Stylesheet information...
Creating Stylesheet
Applying stylesheet
ChangeSheet() completed (exit code: 0)
InitInstaller() completed (exit code: 0)


================ Logging started at Tue Jul  2 23:29:44 2024 ================

InitProcessPriv() completed (exit code: 0)
InitThread() completed (exit code: 0)
RegisterAllControls() completed (exit code: 0)
NativeHWNDHost::Create() completed (exit code: 0)
DUIXmlParser::Create() completed (exit code: 0)
pParser->SetXMLFromResource() complete (exit code: 1)
HWNDElement::Create()  complete (exit code: 0)
pParser->CreateElement() completed (exit code: 0)
Initializing pages...



Setting XML parser from resource: 131
Finding Element with ID: page1
Creating PageMain Element inside page1
Finding Element with ID: animator1
Changing page1's visibility
Adding page 1 to page list


Setting XML parser from resource: 132
Finding Element with ID: page2
Creating PageMain Element inside page2
Finding Element with ID: animator2
Changing page2's visibility
Adding page 2 to page list


Setting XML parser from resource: 133
Finding Element with ID: page3
Creating PageMain Element inside page3
Finding Element with ID: animator3
Changing page3's visibility
Adding page 3 to page list


Setting XML parser from resource: 134
Finding Element with ID: page4
Creating PageMain Element inside page4
Finding Element with ID: animator4
Changing page4's visibility
Adding page 4 to page list


Setting XML parser from resource: 135
Finding Element with ID: page5
Creating PageMain Element inside page5
Finding Element with ID: animator5
Changing page5's visibility
Adding page 5 to page list


Setting XML parser from resource: 136
Finding Element with ID: page6
Creating PageMain Element inside page6
Finding Element with ID: animator6
Changing page6's visibility
Adding page 6 to page list


Setting XML parser from resource: 137
Finding Element with ID: page7
Creating PageMain Element inside page7
Finding Element with ID: animator7
Changing page7's visibility
Adding page 7 to page list


InitPages() completed (exit code: 0)
Setting parser object to resource: 130
Dark mode detected
Getting Stylesheet information...
Creating Stylesheet
Applying stylesheet
ChangeSheet() completed (exit code: 0)
InitInstaller() completed (exit code: 0)


================ Logging started at Tue Jul  2 23:31:58 2024 ================

InitProcessPriv() completed (exit code: 0)
InitThread() completed (exit code: 0)
RegisterAllControls() completed (exit code: 0)
NativeHWNDHost::Create() completed (exit code: 0)
DUIXmlParser::Create() completed (exit code: 0)
pParser->SetXMLFromResource() complete (exit code: 1)
HWNDElement::Create()  complete (exit code: 0)
pParser->CreateElement() completed (exit code: 0)
Initializing pages...



Setting XML parser from resource: 131
Finding Element with ID: page1
Creating PageMain Element inside page1
Finding Element with ID: animator1
Changing page1's visibility
Adding page 1 to page list


Setting XML parser from resource: 132
Finding Element with ID: page2
Creating PageMain Element inside page2
Finding Element with ID: animator2
Changing page2's visibility
Adding page 2 to page list


Setting XML parser from resource: 133
Finding Element with ID: page3
Creating PageMain Element inside page3
Finding Element with ID: animator3
Changing page3's visibility
Adding page 3 to page list


Setting XML parser from resource: 134
Finding Element with ID: page4
Creating PageMain Element inside page4
Finding Element with ID: animator4
Changing page4's visibility
Adding page 4 to page list


Setting XML parser from resource: 135
Finding Element with ID: page5
Creating PageMain Element inside page5
Finding Element with ID: animator5
Changing page5's visibility
Adding page 5 to page list


Setting XML parser from resource: 136
Finding Element with ID: page6
Creating PageMain Element inside page6
Finding Element with ID: animator6
Changing page6's visibility
Adding page 6 to page list


Setting XML parser from resource: 137
Finding Element with ID: page7
Creating PageMain Element inside page7
Finding Element with ID: animator7
Changing page7's visibility
Adding page 7 to page list


InitPages() completed (exit code: 0)
Setting parser object to resource: 130
Dark mode detected
Getting Stylesheet information...
Creating Stylesheet
Applying stylesheet
ChangeSheet() completed (exit code: 0)
InitInstaller() completed (exit code: 0)


================ Logging started at Tue Jul  2 23:40:34 2024 ================

InitProcessPriv() completed (exit code: 0)
InitThread() completed (exit code: 0)
RegisterAllControls() completed (exit code: 0)
NativeHWNDHost::Create() completed (exit code: 0)
DUIXmlParser::Create() completed (exit code: 0)
pParser->SetXMLFromResource() complete (exit code: 1)
HWNDElement::Create()  complete (exit code: 0)
pParser->CreateElement() completed (exit code: 0)
Initializing pages...



Setting XML parser from resource: 131
Finding Element with ID: page1
Creating PageMain Element inside page1
Finding Element with ID: animator1
Changing page1's visibility
Adding page 1 to page list


Setting XML parser from resource: 132
Finding Element with ID: page2
Creating PageMain Element inside page2
Finding Element with ID: animator2
Changing page2's visibility
Adding page 2 to page list


Setting XML parser from resource: 133
Finding Element with ID: page3
Creating PageMain Element inside page3
Finding Element with ID: animator3
Changing page3's visibility
Adding page 3 to page list


Setting XML parser from resource: 134
Finding Element with ID: page4
Creating PageMain Element inside page4
Finding Element with ID: animator4
Changing page4's visibility
Adding page 4 to page list


Setting XML parser from resource: 135
Finding Element with ID: page5
Creating PageMain Element inside page5
Finding Element with ID: animator5
Changing page5's visibility
Adding page 5 to page list


Setting XML parser from resource: 136
Finding Element with ID: page6
Creating PageMain Element inside page6
Finding Element with ID: animator6
Changing page6's visibility
Adding page 6 to page list


Setting XML parser from resource: 137
Finding Element with ID: page7
Creating PageMain Element inside page7
Finding Element with ID: animator7
Changing page7's visibility
Adding page 7 to page list


InitPages() completed (exit code: 0)
Setting parser object to resource: 130
Dark mode detected
Getting Stylesheet information...
Creating Stylesheet
Applying stylesheet
ChangeSheet() completed (exit code: 0)
InitInstaller() completed (exit code: 0)


================ Logging started at Mon Jul  8 07:20:18 2024 ================

InitProcessPriv() completed (exit code: 0)
InitThread() completed (exit code: 0)
RegisterAllControls() completed (exit code: 0)
NativeHWNDHost::Create() completed (exit code: 0)
DUIXmlParser::Create() completed (exit code: 0)
pParser->SetXMLFromResource() complete (exit code: 1)
HWNDElement::Create()  complete (exit code: 0)
pParser->CreateElement() completed (exit code: 0)
Initializing pages...



Setting XML parser from resource: 131
Finding Element with ID: page1
Creating PageMain Element inside page1
Finding Element with ID: animator1
Changing page1's visibility
Adding page 1 to page list


Setting XML parser from resource: 132
Finding Element with ID: page2
Creating PageMain Element inside page2
Finding Element with ID: animator2
Changing page2's visibility
Adding page 2 to page list


Setting XML parser from resource: 133
Finding Element with ID: page3
Creating PageMain Element inside page3
Finding Element with ID: animator3
Changing page3's visibility
Adding page 3 to page list


Setting XML parser from resource: 134
Finding Element with ID: page4
Creating PageMain Element inside page4
Finding Element with ID: animator4
Changing page4's visibility
Adding page 4 to page list


Setting XML parser from resource: 135
Finding Element with ID: page5
Creating PageMain Element inside page5
Finding Element with ID: animator5
Changing page5's visibility
Adding page 5 to page list


Setting XML parser from resource: 136
Finding Element with ID: page6
Creating PageMain Element inside page6
Finding Element with ID: animator6
Changing page6's visibility
Adding page 6 to page list


Setting XML parser from resource: 137
Finding Element with ID: page7
Creating PageMain Element inside page7
Finding Element with ID: animator7
Changing page7's visibility
Adding page 7 to page list


InitPages() completed (exit code: 0)
Setting parser object to resource: 130
Dark mode detected
Getting Stylesheet information...
Creating Stylesheet
Applying stylesheet
ChangeSheet() completed (exit code: 0)
InitInstaller() completed (exit code: 0)
